Using pre-set license
Built from '2020.2/staging' branch; Version is '2020.2.7f1 (c53830e277f1) revision 12924976'; Using compiler version '192528614'; Build Type 'Release'
OS: 'Windows 10 Home; OS build 19041.867; Version 2004; 64bit' Language: 'en' Physical Memory: 7549 MB
BatchMode: 1, IsHumanControllingUs: 0, StartBugReporterOnCrash: 0, Is64bit: 1, IsPro: 0

 COMMAND LINE ARGUMENTS:
C:\Users\martin\Desktop\Unity.Games\2020.2.7f1\Editor\Unity.exe
-adb2
-batchMode
-noUpm
-name
AssetImportWorker0
-projectPath
C:/Users/marti/Downloads/Platformer-main/Platformer-main/Platformer
-logFile
Logs/AssetImportWorker0.log
-srvPort
58314
Successfully changed project path to: C:/Users/marti/Downloads/Platformer-main/Platformer-main/Platformer
C:/Users/marti/Downloads/Platformer-main/Platformer-main/Platformer
Using Asset Import Pipeline V2.
Refreshing native plugins compatible for Editor in 59.00 ms, found 1 plugins.
Preloading 0 native plugins for Editor in 0.00 ms.
Initialize engine version: 2020.2.7f1 (c53830e277f1)
[Subsystems] Discovering subsystems at path C:/Users/martin/Desktop/Unity.Games/2020.2.7f1/Editor/Data/Resources/UnitySubsystems
[Subsystems] Discovering subsystems at path C:/Users/marti/Downloads/Platformer-main/Platformer-main/Platformer/Assets
GfxDevice: creating device client; threaded=0
Direct3D:
    Version:  Direct3D 11.0 [level 11.1]
    Renderer: NVIDIA GeForce GTX 1650 (ID=0x1f99)
    Vendor:   
    VRAM:     3962 MB
    Driver:   27.21.14.5256
Initialize mono
Mono path[0] = 'C:/Users/martin/Desktop/Unity.Games/2020.2.7f1/Editor/Data/Managed'
Mono path[1] = 'C:/Users/martin/Desktop/Unity.Games/2020.2.7f1/Editor/Data/MonoBleedingEdge/lib/mono/unityjit'
Mono config path = 'C:/Users/martin/Desktop/Unity.Games/2020.2.7f1/Editor/Data/MonoBleedingEdge/etc'
Using monoOptions --debugger-agent=transport=dt_socket,embedding=1,server=y,suspend=n,address=127.0.0.1:56000
Begin MonoManager ReloadAssembly
Registering precompiled unity dll's ...
Register platform support module: C:/Users/martin/Desktop/Unity.Games/2020.2.7f1/Editor/Data/PlaybackEngines/WindowsStandaloneSupport/UnityEditor.WindowsStandalone.Extensions.dll
Registered in 0.004162 seconds.
Native extension for WindowsStandalone target not found
Refreshing native plugins compatible for Editor in 45.11 ms, found 1 plugins.
Preloading 0 native plugins for Editor in 0.00 ms.
Invoked RoslynAnalysisRunner static constructor.
RoslynAnalysisRunner will not be running.
RoslynAnalysisRunner has terminated.
Mono: successfully reloaded assembly
- Completed reload, in  2.058 seconds
Platform modules already initialized, skipping
Registering precompiled user dll's ...
Registered in 0.003395 seconds.
Begin MonoManager ReloadAssembly
Native extension for WindowsStandalone target not found
Refreshing native plugins compatible for Editor in 49.97 ms, found 1 plugins.
Preloading 0 native plugins for Editor in 0.00 ms.
Invoked RoslynAnalysisRunner static constructor.
RoslynAnalysisRunner will not be running.
RoslynAnalysisRunner has terminated.
Mono: successfully reloaded assembly
- Completed reload, in  1.270 seconds
Platform modules already initialized, skipping
========================================================================
Worker process is ready to serve import requests
Launched and connected shader compiler UnityShaderCompiler.exe after 0.19 seconds
Refreshing native plugins compatible for Editor in 1.60 ms, found 1 plugins.
Preloading 0 native plugins for Editor in 0.00 ms.
Unloading 1809 Unused Serialized files (Serialized files now loaded: 0)
System memory in use before: 84.9 MB.
System memory in use after: 84.9 MB.

Unloading 19 unused Assets to reduce memory usage. Loaded Objects now: 2257.
Total: 5.198700 ms (FindLiveObjects: 0.557600 ms CreateObjectMapping: 0.085000 ms MarkObjects: 4.410000 ms  DeleteObjects: 0.141600 ms)

========================================================================
Received Import Request.
  path: Assets/Sprites/Obstacles/Rock02/rock-obstacle.png
  artifactKey: Guid(2b9eaef0a5e34674eb3c370d0e5c62ca) Importer(815301076,1909f56bfc062723c751e8b465ee728b)
Start importing Assets/Sprites/Obstacles/Rock02/rock-obstacle.png using Guid(2b9eaef0a5e34674eb3c370d0e5c62ca) Importer(815301076,1909f56bfc062723c751e8b465ee728b)  -> (artifact id: '44993c7e27718ae576fdf6e92e07871a') in 0.341511 seconds
  Import took 0.350711 seconds .

========================================================================
Received Import Request.
  Time since last request: 0.000287 seconds.
  path: Assets/Sprites/Monsters/Spiky Monster Green/spiky-monster-game-obstacles-game-ornament.png
  artifactKey: Guid(cf541a0a762c128448cb5d101fab96d5) Importer(815301076,1909f56bfc062723c751e8b465ee728b)
Start importing Assets/Sprites/Monsters/Spiky Monster Green/spiky-monster-game-obstacles-game-ornament.png using Guid(cf541a0a762c128448cb5d101fab96d5) Importer(815301076,1909f56bfc062723c751e8b465ee728b)  -> (artifact id: 'ad2a4b017f99808808fac75b31bc1078') in 0.039313 seconds
  Import took 0.047465 seconds .

========================================================================
Received Import Request.
  Time since last request: 0.000541 seconds.
  path: Assets/Sprites/Obstacles/Skull/skull-game-obstacle.png
  artifactKey: Guid(460ed5b69367bcc47b178f50d6dbe66c) Importer(815301076,1909f56bfc062723c751e8b465ee728b)
Start importing Assets/Sprites/Obstacles/Skull/skull-game-obstacle.png using Guid(460ed5b69367bcc47b178f50d6dbe66c) Importer(815301076,1909f56bfc062723c751e8b465ee728b)  -> (artifact id: '4f91c64b7ab40864dd60726c8e15ca65') in 0.041741 seconds
  Import took 0.048098 seconds .

========================================================================
Received Import Request.
  Time since last request: 0.001232 seconds.
  path: Assets/Sprites/Obstacles/Rock01/rock-obstacle.png
  artifactKey: Guid(c7fb77bc065a42442b37673241739baa) Importer(815301076,1909f56bfc062723c751e8b465ee728b)
Start importing Assets/Sprites/Obstacles/Rock01/rock-obstacle.png using Guid(c7fb77bc065a42442b37673241739baa) Importer(815301076,1909f56bfc062723c751e8b465ee728b)  -> (artifact id: 'bfd5225d6a6bf81537ca24310ffd38a9') in 0.031196 seconds
  Import took 0.038403 seconds .

========================================================================
Received Import Request.
  Time since last request: 0.014478 seconds.
  path: Assets/Sprites/Obstacles/Rock01/rock-obstacle.png
  artifactKey: Guid(c7fb77bc065a42442b37673241739baa) Importer(815301076,1909f56bfc062723c751e8b465ee728b)
Start importing Assets/Sprites/Obstacles/Rock01/rock-obstacle.png using Guid(c7fb77bc065a42442b37673241739baa) Importer(815301076,1909f56bfc062723c751e8b465ee728b)  -> (artifact id: 'bfd5225d6a6bf81537ca24310ffd38a9') in 0.025576 seconds
  Import took 0.033843 seconds .

========================================================================
Received Prepare
Registering precompiled user dll's ...
Registered in 0.001180 seconds.
Begin MonoManager ReloadAssembly
Native extension for WindowsStandalone target not found
Refreshing native plugins compatible for Editor in 0.91 ms, found 1 plugins.
Preloading 0 native plugins for Editor in 0.00 ms.
Invoked RoslynAnalysisRunner static constructor.
RoslynAnalysisRunner will not be running.
RoslynAnalysisRunner has terminated.
Mono: successfully reloaded assembly
- Completed reload, in  1.040 seconds
Platform modules already initialized, skipping
Refreshing native plugins compatible for Editor in 0.94 ms, found 1 plugins.
Preloading 0 native plugins for Editor in 0.00 ms.
Unloading 1799 Unused Serialized files (Serialized files now loaded: 0)
System memory in use before: 87.5 MB.
System memory in use after: 87.6 MB.

Unloading 7 unused Assets to reduce memory usage. Loaded Objects now: 2271.
Total: 3.369300 ms (FindLiveObjects: 0.603100 ms CreateObjectMapping: 0.059300 ms MarkObjects: 2.676000 ms  DeleteObjects: 0.027500 ms)

========================================================================
Received Import Request.
  Time since last request: 359.806565 seconds.
  path: Assets/Sprites/Monsters/Spider Black/enemy_game_spider.png
  artifactKey: Guid(1347314cb054543459cbf8116560a3cf) Importer(815301076,1909f56bfc062723c751e8b465ee728b)
Start importing Assets/Sprites/Monsters/Spider Black/enemy_game_spider.png using Guid(1347314cb054543459cbf8116560a3cf) Importer(815301076,1909f56bfc062723c751e8b465ee728b)  -> (artifact id: '45df6bcefa298c9c0403f8eebbb61864') in 0.073310 seconds
  Import took 0.078682 seconds .

========================================================================
Received Import Request.
  Time since last request: 0.000521 seconds.
  path: Assets/Sprites/Monsters/Rock Brown/rock-monster.png
  artifactKey: Guid(08a5b25c67b3f4d41b3c919354d011c7) Importer(815301076,1909f56bfc062723c751e8b465ee728b)
Start importing Assets/Sprites/Monsters/Rock Brown/rock-monster.png using Guid(08a5b25c67b3f4d41b3c919354d011c7) Importer(815301076,1909f56bfc062723c751e8b465ee728b)  -> (artifact id: 'dc15b588ffc679df5250aed95fdbbd1b') in 0.029294 seconds
  Import took 0.033905 seconds .

========================================================================
Received Import Request.
  Time since last request: 0.000297 seconds.
  path: Assets/Sprites/Monsters/Rock Gray Spiky/rock-monster.png
  artifactKey: Guid(7534635002a5b6b4c9ebef183e44ee7d) Importer(815301076,1909f56bfc062723c751e8b465ee728b)
Start importing Assets/Sprites/Monsters/Rock Gray Spiky/rock-monster.png using Guid(7534635002a5b6b4c9ebef183e44ee7d) Importer(815301076,1909f56bfc062723c751e8b465ee728b)  -> (artifact id: 'e5ee6f3ea43f4a526a8047d28ddc3324') in 0.031552 seconds
  Import took 0.036286 seconds .

========================================================================
Received Import Request.
  Time since last request: 0.000258 seconds.
  path: Assets/Sprites/Monsters/Spider Orange/orange-spider.png
  artifactKey: Guid(965afae726aade942aae3e7923a2aa8a) Importer(815301076,1909f56bfc062723c751e8b465ee728b)
Start importing Assets/Sprites/Monsters/Spider Orange/orange-spider.png using Guid(965afae726aade942aae3e7923a2aa8a) Importer(815301076,1909f56bfc062723c751e8b465ee728b)  -> (artifact id: '9d6a34742ab54a905cdc1029002ca348') in 0.030483 seconds
  Import took 0.035491 seconds .

========================================================================
Received Import Request.
  Time since last request: 0.000472 seconds.
  path: Assets/Sprites/Monsters/Icy Rock/icy-rock-monster.png
  artifactKey: Guid(2853c7629f825274f8182644ffdaf6b0) Importer(815301076,1909f56bfc062723c751e8b465ee728b)
Start importing Assets/Sprites/Monsters/Icy Rock/icy-rock-monster.png using Guid(2853c7629f825274f8182644ffdaf6b0) Importer(815301076,1909f56bfc062723c751e8b465ee728b)  -> (artifact id: 'ff1ebbcb58a3f81f074bac2d9560d6a7') in 0.031580 seconds
  Import took 0.037204 seconds .

========================================================================
Received Import Request.
  Time since last request: 0.005390 seconds.
  path: Assets/Sprites/Monsters/Icy Rock/icy-rock-monster.png
  artifactKey: Guid(2853c7629f825274f8182644ffdaf6b0) Importer(815301076,1909f56bfc062723c751e8b465ee728b)
Start importing Assets/Sprites/Monsters/Icy Rock/icy-rock-monster.png using Guid(2853c7629f825274f8182644ffdaf6b0) Importer(815301076,1909f56bfc062723c751e8b465ee728b)  -> (artifact id: 'ff1ebbcb58a3f81f074bac2d9560d6a7') in 0.028565 seconds
  Import took 0.032177 seconds .

========================================================================
Received Import Request.
  Time since last request: 10.765981 seconds.
  path: Assets/Stuffs/Scripts/Damage.cs
  artifactKey: Guid(f5d5ebdaa2373e54899be706891b362f) Importer(815301076,1909f56bfc062723c751e8b465ee728b)
Start importing Assets/Stuffs/Scripts/Damage.cs using Guid(f5d5ebdaa2373e54899be706891b362f) Importer(815301076,1909f56bfc062723c751e8b465ee728b)  -> (artifact id: '21e1730b712baaa47cd70542a2c70340') in 0.016595 seconds
  Import took 0.020866 seconds .

========================================================================
Received Prepare
Registering precompiled user dll's ...
Registered in 0.001983 seconds.
Begin MonoManager ReloadAssembly
Native extension for WindowsStandalone target not found
Refreshing native plugins compatible for Editor in 0.60 ms, found 1 plugins.
Preloading 0 native plugins for Editor in 0.00 ms.
Invoked RoslynAnalysisRunner static constructor.
RoslynAnalysisRunner will not be running.
RoslynAnalysisRunner has terminated.
Mono: successfully reloaded assembly
- Completed reload, in  1.023 seconds
Platform modules already initialized, skipping
Refreshing native plugins compatible for Editor in 1.17 ms, found 1 plugins.
Preloading 0 native plugins for Editor in 0.00 ms.
Unloading 1800 Unused Serialized files (Serialized files now loaded: 0)
System memory in use before: 87.6 MB.
System memory in use after: 87.7 MB.

Unloading 7 unused Assets to reduce memory usage. Loaded Objects now: 2285.
Total: 4.007800 ms (FindLiveObjects: 0.584900 ms CreateObjectMapping: 0.087100 ms MarkObjects: 3.274700 ms  DeleteObjects: 0.058800 ms)

========================================================================
Received Import Request.
  Time since last request: 164.415311 seconds.
  path: Assets/Stuffs/Scripts/Hero.cs
  artifactKey: Guid(f71558d0578c3f54186943ac291e83ae) Importer(815301076,1909f56bfc062723c751e8b465ee728b)
Start importing Assets/Stuffs/Scripts/Hero.cs using Guid(f71558d0578c3f54186943ac291e83ae) Importer(815301076,1909f56bfc062723c751e8b465ee728b)  -> (artifact id: 'b5b9356ad2713b51c84c5584ff5fdf08') in 0.013714 seconds
  Import took 0.019276 seconds .

========================================================================
Received Import Request.
  Time since last request: 0.025811 seconds.
  path: Assets/Stuffs/Scripts/Hero.cs
  artifactKey: Guid(f71558d0578c3f54186943ac291e83ae) Importer(815301076,1909f56bfc062723c751e8b465ee728b)
Start importing Assets/Stuffs/Scripts/Hero.cs using Guid(f71558d0578c3f54186943ac291e83ae) Importer(815301076,1909f56bfc062723c751e8b465ee728b)  -> (artifact id: 'b5b9356ad2713b51c84c5584ff5fdf08') in 0.004031 seconds
  Import took 0.007910 seconds .

========================================================================
Received Import Request.
  Time since last request: 97.611623 seconds.
  path: Assets/Stuffs/Scripts/Hero.cs
  artifactKey: Guid(f71558d0578c3f54186943ac291e83ae) Importer(815301076,1909f56bfc062723c751e8b465ee728b)
Start importing Assets/Stuffs/Scripts/Hero.cs using Guid(f71558d0578c3f54186943ac291e83ae) Importer(815301076,1909f56bfc062723c751e8b465ee728b)  -> (artifact id: '4b1db49018fd0c9bec8fda7f3038269f') in 0.011215 seconds
  Import took 0.024838 seconds .

========================================================================
Received Import Request.
  Time since last request: 41.654289 seconds.
  path: Assets/Stuffs/Scripts/Damage.cs
  artifactKey: Guid(f5d5ebdaa2373e54899be706891b362f) Importer(815301076,1909f56bfc062723c751e8b465ee728b)
Start importing Assets/Stuffs/Scripts/Damage.cs using Guid(f5d5ebdaa2373e54899be706891b362f) Importer(815301076,1909f56bfc062723c751e8b465ee728b)  -> (artifact id: '8d8bbbee110bcd2ed19101f63e6e5574') in 0.004024 seconds
  Import took 0.008306 seconds .

========================================================================
Received Import Request.
  Time since last request: 301.826637 seconds.
  path: Assets/Stuffs/Scripts/Damage.cs
  artifactKey: Guid(f5d5ebdaa2373e54899be706891b362f) Importer(815301076,1909f56bfc062723c751e8b465ee728b)
Start importing Assets/Stuffs/Scripts/Damage.cs using Guid(f5d5ebdaa2373e54899be706891b362f) Importer(815301076,1909f56bfc062723c751e8b465ee728b)  -> (artifact id: '20773ea38a0f20d64534f1fe540a81ca') in 0.004432 seconds
  Import took 0.009711 seconds .

========================================================================
Received Prepare
Registering precompiled user dll's ...
Registered in 0.003020 seconds.
Begin MonoManager ReloadAssembly
Native extension for WindowsStandalone target not found
Refreshing native plugins compatible for Editor in 1.05 ms, found 1 plugins.
Preloading 0 native plugins for Editor in 0.00 ms.
Invoked RoslynAnalysisRunner static constructor.
RoslynAnalysisRunner will not be running.
RoslynAnalysisRunner has terminated.
Mono: successfully reloaded assembly
- Completed reload, in  0.933 seconds
Platform modules already initialized, skipping
Refreshing native plugins compatible for Editor in 0.78 ms, found 1 plugins.
Preloading 0 native plugins for Editor in 0.00 ms.
Unloading 1800 Unused Serialized files (Serialized files now loaded: 0)
System memory in use before: 87.6 MB.
System memory in use after: 87.7 MB.

Unloading 7 unused Assets to reduce memory usage. Loaded Objects now: 2289.
Total: 2.014900 ms (FindLiveObjects: 0.378000 ms CreateObjectMapping: 0.053300 ms MarkObjects: 1.560800 ms  DeleteObjects: 0.021300 ms)

========================================================================
Received Import Request.
  Time since last request: 125.063718 seconds.
  path: Assets/Stuffs/Scripts/Damage.cs
  artifactKey: Guid(f5d5ebdaa2373e54899be706891b362f) Importer(815301076,1909f56bfc062723c751e8b465ee728b)
Start importing Assets/Stuffs/Scripts/Damage.cs using Guid(f5d5ebdaa2373e54899be706891b362f) Importer(815301076,1909f56bfc062723c751e8b465ee728b)  -> (artifact id: 'ea135a51c7abcf43898a0ce052c2f86d') in 0.008889 seconds
  Import took 0.012832 seconds .

========================================================================
Received Prepare
Registering precompiled user dll's ...
Registered in 0.001145 seconds.
Begin MonoManager ReloadAssembly
Native extension for WindowsStandalone target not found
Refreshing native plugins compatible for Editor in 0.56 ms, found 1 plugins.
Preloading 0 native plugins for Editor in 0.00 ms.
Invoked RoslynAnalysisRunner static constructor.
RoslynAnalysisRunner will not be running.
RoslynAnalysisRunner has terminated.
Mono: successfully reloaded assembly
- Completed reload, in  1.087 seconds
Platform modules already initialized, skipping
Refreshing native plugins compatible for Editor in 1.06 ms, found 1 plugins.
Preloading 0 native plugins for Editor in 0.00 ms.
Unloading 1800 Unused Serialized files (Serialized files now loaded: 0)
System memory in use before: 87.6 MB.
System memory in use after: 87.8 MB.

Unloading 7 unused Assets to reduce memory usage. Loaded Objects now: 2293.
Total: 2.996100 ms (FindLiveObjects: 0.573000 ms CreateObjectMapping: 0.110400 ms MarkObjects: 2.252300 ms  DeleteObjects: 0.057600 ms)

========================================================================
Received Import Request.
  Time since last request: 208.754390 seconds.
  path: Assets/Sprites/Obstacles
  artifactKey: Guid(1b0894c530da48943b0a323ca8928747) Importer(815301076,1909f56bfc062723c751e8b465ee728b)
Start importing Assets/Sprites/Obstacles using Guid(1b0894c530da48943b0a323ca8928747) Importer(815301076,1909f56bfc062723c751e8b465ee728b)  -> (artifact id: '2364253b3632c9fae444ef331bb37d2c') in 0.017713 seconds
  Import took 0.024905 seconds .

========================================================================
Received Prepare
Registering precompiled user dll's ...
Registered in 0.001964 seconds.
Begin MonoManager ReloadAssembly
Native extension for WindowsStandalone target not found
Refreshing native plugins compatible for Editor in 0.58 ms, found 1 plugins.
Preloading 0 native plugins for Editor in 0.00 ms.
Invoked RoslynAnalysisRunner static constructor.
RoslynAnalysisRunner will not be running.
RoslynAnalysisRunner has terminated.
Mono: successfully reloaded assembly
- Completed reload, in  1.084 seconds
Platform modules already initialized, skipping
Refreshing native plugins compatible for Editor in 0.76 ms, found 1 plugins.
Preloading 0 native plugins for Editor in 0.00 ms.
Unloading 1800 Unused Serialized files (Serialized files now loaded: 0)
System memory in use before: 87.7 MB.
System memory in use after: 87.8 MB.

Unloading 7 unused Assets to reduce memory usage. Loaded Objects now: 2297.
Total: 3.261200 ms (FindLiveObjects: 0.636800 ms CreateObjectMapping: 0.093300 ms MarkObjects: 2.499200 ms  DeleteObjects: 0.029500 ms)

========================================================================
Received Import Request.
  Time since last request: 127.208891 seconds.
  path: Assets/Stuffs/Scripts/Worm.cs
  artifactKey: Guid(b67a117929023244580a4e583073e16c) Importer(815301076,1909f56bfc062723c751e8b465ee728b)
Start importing Assets/Stuffs/Scripts/Worm.cs using Guid(b67a117929023244580a4e583073e16c) Importer(815301076,1909f56bfc062723c751e8b465ee728b)  -> (artifact id: '6ec1f1af6060e88a65c866382ff4e3e5') in 0.016588 seconds
  Import took 0.024962 seconds .

========================================================================
Received Prepare
Registering precompiled user dll's ...
Registered in 0.002087 seconds.
Begin MonoManager ReloadAssembly
Native extension for WindowsStandalone target not found
Refreshing native plugins compatible for Editor in 0.38 ms, found 1 plugins.
Preloading 0 native plugins for Editor in 0.00 ms.
Invoked RoslynAnalysisRunner static constructor.
RoslynAnalysisRunner will not be running.
RoslynAnalysisRunner has terminated.
Mono: successfully reloaded assembly
- Completed reload, in  1.031 seconds
Platform modules already initialized, skipping
Refreshing native plugins compatible for Editor in 1.83 ms, found 1 plugins.
Preloading 0 native plugins for Editor in 0.00 ms.
Unloading 1801 Unused Serialized files (Serialized files now loaded: 0)
System memory in use before: 87.7 MB.
System memory in use after: 87.8 MB.

Unloading 7 unused Assets to reduce memory usage. Loaded Objects now: 2302.
Total: 5.962500 ms (FindLiveObjects: 0.997700 ms CreateObjectMapping: 0.449400 ms MarkObjects: 4.464000 ms  DeleteObjects: 0.047100 ms)

========================================================================
Received Prepare
Registering precompiled user dll's ...
Registered in 0.001939 seconds.
Begin MonoManager ReloadAssembly
Native extension for WindowsStandalone target not found
Refreshing native plugins compatible for Editor in 0.92 ms, found 1 plugins.
Preloading 0 native plugins for Editor in 0.00 ms.
Invoked RoslynAnalysisRunner static constructor.
RoslynAnalysisRunner will not be running.
RoslynAnalysisRunner has terminated.
Mono: successfully reloaded assembly
- Completed reload, in  1.126 seconds
Platform modules already initialized, skipping
Refreshing native plugins compatible for Editor in 1.16 ms, found 1 plugins.
Preloading 0 native plugins for Editor in 0.00 ms.
Unloading 1801 Unused Serialized files (Serialized files now loaded: 0)
System memory in use before: 87.7 MB.
System memory in use after: 87.8 MB.

Unloading 7 unused Assets to reduce memory usage. Loaded Objects now: 2306.
Total: 3.305200 ms (FindLiveObjects: 0.722300 ms CreateObjectMapping: 0.093800 ms MarkObjects: 2.461800 ms  DeleteObjects: 0.024300 ms)

========================================================================
Received Prepare
Registering precompiled user dll's ...
Registered in 0.003240 seconds.
Begin MonoManager ReloadAssembly
Native extension for WindowsStandalone target not found
Refreshing native plugins compatible for Editor in 0.39 ms, found 1 plugins.
Preloading 0 native plugins for Editor in 0.00 ms.
Invoked RoslynAnalysisRunner static constructor.
RoslynAnalysisRunner will not be running.
RoslynAnalysisRunner has terminated.
Mono: successfully reloaded assembly
- Completed reload, in  1.019 seconds
Platform modules already initialized, skipping
Refreshing native plugins compatible for Editor in 0.98 ms, found 1 plugins.
Preloading 0 native plugins for Editor in 0.00 ms.
Unloading 1801 Unused Serialized files (Serialized files now loaded: 0)
System memory in use before: 87.7 MB.
System memory in use after: 87.8 MB.

Unloading 7 unused Assets to reduce memory usage. Loaded Objects now: 2310.
Total: 5.209400 ms (FindLiveObjects: 0.634900 ms CreateObjectMapping: 0.173800 ms MarkObjects: 4.328200 ms  DeleteObjects: 0.069400 ms)

========================================================================
Received Import Request.
  Time since last request: 484.726901 seconds.
  path: Assets/Stuffs/Scripts/Monster.cs
  artifactKey: Guid(26ea741d11b057341be06b8be223722f) Importer(815301076,1909f56bfc062723c751e8b465ee728b)
Start importing Assets/Stuffs/Scripts/Monster.cs using Guid(26ea741d11b057341be06b8be223722f) Importer(815301076,1909f56bfc062723c751e8b465ee728b)  -> (artifact id: '9b783ccea8224b37dbe7f98b32bc3952') in 0.017042 seconds
  Import took 0.021599 seconds .

========================================================================
Received Prepare
Registering precompiled user dll's ...
Registered in 0.001956 seconds.
Begin MonoManager ReloadAssembly
Native extension for WindowsStandalone target not found
Refreshing native plugins compatible for Editor in 0.88 ms, found 1 plugins.
Preloading 0 native plugins for Editor in 0.00 ms.
Invoked RoslynAnalysisRunner static constructor.
RoslynAnalysisRunner will not be running.
RoslynAnalysisRunner has terminated.
Mono: successfully reloaded assembly
- Completed reload, in  1.028 seconds
Platform modules already initialized, skipping
Refreshing native plugins compatible for Editor in 0.81 ms, found 1 plugins.
Preloading 0 native plugins for Editor in 0.00 ms.
Unloading 1802 Unused Serialized files (Serialized files now loaded: 0)
System memory in use before: 87.7 MB.
System memory in use after: 87.8 MB.

Unloading 7 unused Assets to reduce memory usage. Loaded Objects now: 2315.
Total: 3.197600 ms (FindLiveObjects: 0.333700 ms CreateObjectMapping: 0.086100 ms MarkObjects: 2.676400 ms  DeleteObjects: 0.096000 ms)

========================================================================
Received Prepare
Registering precompiled user dll's ...
Registered in 0.003813 seconds.
Begin MonoManager ReloadAssembly
Native extension for WindowsStandalone target not found
Refreshing native plugins compatible for Editor in 0.43 ms, found 1 plugins.
Preloading 0 native plugins for Editor in 0.00 ms.
Invoked RoslynAnalysisRunner static constructor.
RoslynAnalysisRunner will not be running.
RoslynAnalysisRunner has terminated.
Mono: successfully reloaded assembly
- Completed reload, in  1.078 seconds
Platform modules already initialized, skipping
Refreshing native plugins compatible for Editor in 0.98 ms, found 1 plugins.
Preloading 0 native plugins for Editor in 0.00 ms.
Unloading 1802 Unused Serialized files (Serialized files now loaded: 0)
System memory in use before: 87.7 MB.
System memory in use after: 87.9 MB.

Unloading 7 unused Assets to reduce memory usage. Loaded Objects now: 2319.
Total: 5.442900 ms (FindLiveObjects: 0.399300 ms CreateObjectMapping: 0.051900 ms MarkObjects: 4.907000 ms  DeleteObjects: 0.080900 ms)

========================================================================
Received Import Request.
  Time since last request: 533.271740 seconds.
  path: Assets/Stuffs/Scripts/Monster.cs
  artifactKey: Guid(26ea741d11b057341be06b8be223722f) Importer(815301076,1909f56bfc062723c751e8b465ee728b)
Start importing Assets/Stuffs/Scripts/Monster.cs using Guid(26ea741d11b057341be06b8be223722f) Importer(815301076,1909f56bfc062723c751e8b465ee728b)  -> (artifact id: '9809faa839bdd5911687ac54eaa63020') in 0.012066 seconds
  Import took 0.018223 seconds .

========================================================================
Received Prepare
Registering precompiled user dll's ...
Registered in 0.001701 seconds.
Begin MonoManager ReloadAssembly
Native extension for WindowsStandalone target not found
Refreshing native plugins compatible for Editor in 1.29 ms, found 1 plugins.
Preloading 0 native plugins for Editor in 0.00 ms.
Invoked RoslynAnalysisRunner static constructor.
RoslynAnalysisRunner will not be running.
RoslynAnalysisRunner has terminated.
Mono: successfully reloaded assembly
- Completed reload, in  1.083 seconds
Platform modules already initialized, skipping
Refreshing native plugins compatible for Editor in 1.00 ms, found 1 plugins.
Preloading 0 native plugins for Editor in 0.00 ms.
Unloading 1802 Unused Serialized files (Serialized files now loaded: 0)
System memory in use before: 87.8 MB.
System memory in use after: 87.9 MB.

Unloading 7 unused Assets to reduce memory usage. Loaded Objects now: 2323.
Total: 3.749200 ms (FindLiveObjects: 0.526000 ms CreateObjectMapping: 0.097000 ms MarkObjects: 3.068800 ms  DeleteObjects: 0.054400 ms)

========================================================================
Received Import Request.
  Time since last request: 25.892105 seconds.
  path: Assets/Stuffs/Scripts/Monster.cs
  artifactKey: Guid(26ea741d11b057341be06b8be223722f) Importer(815301076,1909f56bfc062723c751e8b465ee728b)
Start importing Assets/Stuffs/Scripts/Monster.cs using Guid(26ea741d11b057341be06b8be223722f) Importer(815301076,1909f56bfc062723c751e8b465ee728b)  -> (artifact id: '7b8213057c036249cde8df521d82d7d5') in 0.008974 seconds
  Import took 0.014635 seconds .

========================================================================
Received Prepare
Registering precompiled user dll's ...
Registered in 0.001183 seconds.
Begin MonoManager ReloadAssembly
Native extension for WindowsStandalone target not found
Refreshing native plugins compatible for Editor in 0.50 ms, found 1 plugins.
Preloading 0 native plugins for Editor in 0.00 ms.
Invoked RoslynAnalysisRunner static constructor.
RoslynAnalysisRunner will not be running.
RoslynAnalysisRunner has terminated.
Mono: successfully reloaded assembly
- Completed reload, in  1.068 seconds
Platform modules already initialized, skipping
Refreshing native plugins compatible for Editor in 0.40 ms, found 1 plugins.
Preloading 0 native plugins for Editor in 0.00 ms.
Unloading 1802 Unused Serialized files (Serialized files now loaded: 0)
System memory in use before: 87.8 MB.
System memory in use after: 87.9 MB.

Unloading 7 unused Assets to reduce memory usage. Loaded Objects now: 2327.
Total: 3.361100 ms (FindLiveObjects: 0.327400 ms CreateObjectMapping: 0.089800 ms MarkObjects: 2.924800 ms  DeleteObjects: 0.017600 ms)

========================================================================
Received Prepare
Registering precompiled user dll's ...
Registered in 0.001626 seconds.
Begin MonoManager ReloadAssembly
Native extension for WindowsStandalone target not found
Refreshing native plugins compatible for Editor in 0.98 ms, found 1 plugins.
Preloading 0 native plugins for Editor in 0.00 ms.
Invoked RoslynAnalysisRunner static constructor.
RoslynAnalysisRunner will not be running.
RoslynAnalysisRunner has terminated.
Mono: successfully reloaded assembly
- Completed reload, in  1.590 seconds
Platform modules already initialized, skipping
Refreshing native plugins compatible for Editor in 1.12 ms, found 1 plugins.
Preloading 0 native plugins for Editor in 0.00 ms.
Unloading 1802 Unused Serialized files (Serialized files now loaded: 0)
System memory in use before: 87.8 MB.
System memory in use after: 87.9 MB.

Unloading 7 unused Assets to reduce memory usage. Loaded Objects now: 2331.
Total: 4.880800 ms (FindLiveObjects: 0.860300 ms CreateObjectMapping: 0.160500 ms MarkObjects: 3.787000 ms  DeleteObjects: 0.069300 ms)

========================================================================
Received Prepare
Registering precompiled user dll's ...
Registered in 0.001783 seconds.
Begin MonoManager ReloadAssembly
Native extension for WindowsStandalone target not found
Refreshing native plugins compatible for Editor in 0.60 ms, found 1 plugins.
Preloading 0 native plugins for Editor in 0.00 ms.
Invoked RoslynAnalysisRunner static constructor.
RoslynAnalysisRunner will not be running.
RoslynAnalysisRunner has terminated.
Mono: successfully reloaded assembly
- Completed reload, in  0.928 seconds
Platform modules already initialized, skipping
Refreshing native plugins compatible for Editor in 0.38 ms, found 1 plugins.
Preloading 0 native plugins for Editor in 0.00 ms.
Unloading 1802 Unused Serialized files (Serialized files now loaded: 0)
System memory in use before: 87.8 MB.
System memory in use after: 87.9 MB.

Unloading 7 unused Assets to reduce memory usage. Loaded Objects now: 2335.
Total: 4.053100 ms (FindLiveObjects: 0.762400 ms CreateObjectMapping: 0.132600 ms MarkObjects: 3.099400 ms  DeleteObjects: 0.055700 ms)

========================================================================
Received Prepare
Registering precompiled user dll's ...
Registered in 0.001861 seconds.
Begin MonoManager ReloadAssembly
Native extension for WindowsStandalone target not found
Refreshing native plugins compatible for Editor in 0.45 ms, found 1 plugins.
Preloading 0 native plugins for Editor in 0.00 ms.
Invoked RoslynAnalysisRunner static constructor.
RoslynAnalysisRunner will not be running.
RoslynAnalysisRunner has terminated.
Mono: successfully reloaded assembly
- Completed reload, in  1.011 seconds
Platform modules already initialized, skipping
Refreshing native plugins compatible for Editor in 0.99 ms, found 1 plugins.
Preloading 0 native plugins for Editor in 0.00 ms.
Unloading 1802 Unused Serialized files (Serialized files now loaded: 0)
System memory in use before: 87.8 MB.
System memory in use after: 87.9 MB.

Unloading 7 unused Assets to reduce memory usage. Loaded Objects now: 2339.
Total: 5.859800 ms (FindLiveObjects: 0.881500 ms CreateObjectMapping: 0.222100 ms MarkObjects: 4.705400 ms  DeleteObjects: 0.045100 ms)

========================================================================
Received Prepare
Registering precompiled user dll's ...
Registered in 0.001975 seconds.
Begin MonoManager ReloadAssembly
Native extension for WindowsStandalone target not found
Refreshing native plugins compatible for Editor in 1.15 ms, found 1 plugins.
Preloading 0 native plugins for Editor in 0.00 ms.
Invoked RoslynAnalysisRunner static constructor.
RoslynAnalysisRunner will not be running.
RoslynAnalysisRunner has terminated.
Mono: successfully reloaded assembly
- Completed reload, in  1.047 seconds
Platform modules already initialized, skipping
Refreshing native plugins compatible for Editor in 0.67 ms, found 1 plugins.
Preloading 0 native plugins for Editor in 0.00 ms.
Unloading 1802 Unused Serialized files (Serialized files now loaded: 0)
System memory in use before: 87.8 MB.
System memory in use after: 87.9 MB.

Unloading 7 unused Assets to reduce memory usage. Loaded Objects now: 2343.
Total: 3.044000 ms (FindLiveObjects: 0.284000 ms CreateObjectMapping: 0.083400 ms MarkObjects: 2.648100 ms  DeleteObjects: 0.026900 ms)

========================================================================
Received Prepare
Registering precompiled user dll's ...
Registered in 0.001737 seconds.
Begin MonoManager ReloadAssembly
Native extension for WindowsStandalone target not found
Refreshing native plugins compatible for Editor in 1.87 ms, found 1 plugins.
Preloading 0 native plugins for Editor in 0.00 ms.
Invoked RoslynAnalysisRunner static constructor.
RoslynAnalysisRunner will not be running.
RoslynAnalysisRunner has terminated.
Mono: successfully reloaded assembly
- Completed reload, in  1.307 seconds
Platform modules already initialized, skipping
Refreshing native plugins compatible for Editor in 1.10 ms, found 1 plugins.
Preloading 0 native plugins for Editor in 0.00 ms.
Unloading 1802 Unused Serialized files (Serialized files now loaded: 0)
System memory in use before: 87.8 MB.
System memory in use after: 87.9 MB.

Unloading 7 unused Assets to reduce memory usage. Loaded Objects now: 2347.
Total: 4.171800 ms (FindLiveObjects: 0.582000 ms CreateObjectMapping: 0.220200 ms MarkObjects: 3.326200 ms  DeleteObjects: 0.040800 ms)

========================================================================
Received Prepare
Registering precompiled user dll's ...
Registered in 0.001181 seconds.
Begin MonoManager ReloadAssembly
Native extension for WindowsStandalone target not found
Refreshing native plugins compatible for Editor in 1.12 ms, found 1 plugins.
Preloading 0 native plugins for Editor in 0.00 ms.
Invoked RoslynAnalysisRunner static constructor.
RoslynAnalysisRunner will not be running.
RoslynAnalysisRunner has terminated.
Mono: successfully reloaded assembly
- Completed reload, in  0.944 seconds
Platform modules already initialized, skipping
Refreshing native plugins compatible for Editor in 0.94 ms, found 1 plugins.
Preloading 0 native plugins for Editor in 0.00 ms.
Unloading 1802 Unused Serialized files (Serialized files now loaded: 0)
System memory in use before: 87.8 MB.
System memory in use after: 87.9 MB.

Unloading 7 unused Assets to reduce memory usage. Loaded Objects now: 2351.
Total: 4.043900 ms (FindLiveObjects: 0.373300 ms CreateObjectMapping: 0.053400 ms MarkObjects: 3.592100 ms  DeleteObjects: 0.023800 ms)

========================================================================
Received Prepare
Registering precompiled user dll's ...
Registered in 0.001428 seconds.
Begin MonoManager ReloadAssembly
Native extension for WindowsStandalone target not found
Refreshing native plugins compatible for Editor in 0.69 ms, found 1 plugins.
Preloading 0 native plugins for Editor in 0.00 ms.
Invoked RoslynAnalysisRunner static constructor.
RoslynAnalysisRunner will not be running.
RoslynAnalysisRunner has terminated.
Mono: successfully reloaded assembly
- Completed reload, in  1.084 seconds
Platform modules already initialized, skipping
Refreshing native plugins compatible for Editor in 0.84 ms, found 1 plugins.
Preloading 0 native plugins for Editor in 0.00 ms.
Unloading 1802 Unused Serialized files (Serialized files now loaded: 0)
System memory in use before: 87.8 MB.
System memory in use after: 87.9 MB.

Unloading 7 unused Assets to reduce memory usage. Loaded Objects now: 2355.
Total: 3.883500 ms (FindLiveObjects: 0.807500 ms CreateObjectMapping: 0.242500 ms MarkObjects: 2.759300 ms  DeleteObjects: 0.070300 ms)

========================================================================
Received Prepare
Registering precompiled user dll's ...
Registered in 0.001372 seconds.
Begin MonoManager ReloadAssembly
Native extension for WindowsStandalone target not found
Refreshing native plugins compatible for Editor in 0.89 ms, found 1 plugins.
Preloading 0 native plugins for Editor in 0.00 ms.
Invoked RoslynAnalysisRunner static constructor.
RoslynAnalysisRunner will not be running.
RoslynAnalysisRunner has terminated.
Mono: successfully reloaded assembly
- Completed reload, in  1.117 seconds
Platform modules already initialized, skipping
Refreshing native plugins compatible for Editor in 2.42 ms, found 1 plugins.
Preloading 0 native plugins for Editor in 0.00 ms.
Unloading 1802 Unused Serialized files (Serialized files now loaded: 0)
System memory in use before: 87.8 MB.
System memory in use after: 87.9 MB.

Unloading 7 unused Assets to reduce memory usage. Loaded Objects now: 2359.
Total: 6.203400 ms (FindLiveObjects: 0.956800 ms CreateObjectMapping: 0.168400 ms MarkObjects: 4.997200 ms  DeleteObjects: 0.077900 ms)

========================================================================
Received Prepare
Registering precompiled user dll's ...
Registered in 0.001220 seconds.
Begin MonoManager ReloadAssembly
Native extension for WindowsStandalone target not found
Refreshing native plugins compatible for Editor in 1.66 ms, found 1 plugins.
Preloading 0 native plugins for Editor in 0.00 ms.
Invoked RoslynAnalysisRunner static constructor.
RoslynAnalysisRunner will not be running.
RoslynAnalysisRunner has terminated.
Mono: successfully reloaded assembly
- Completed reload, in  1.038 seconds
Platform modules already initialized, skipping
Refreshing native plugins compatible for Editor in 0.97 ms, found 1 plugins.
Preloading 0 native plugins for Editor in 0.00 ms.
Unloading 1802 Unused Serialized files (Serialized files now loaded: 0)
System memory in use before: 87.8 MB.
System memory in use after: 88.0 MB.

Unloading 7 unused Assets to reduce memory usage. Loaded Objects now: 2363.
Total: 6.497900 ms (FindLiveObjects: 0.722900 ms CreateObjectMapping: 0.103900 ms MarkObjects: 5.064200 ms  DeleteObjects: 0.600600 ms)

========================================================================
Received Prepare
Registering precompiled user dll's ...
Registered in 0.001628 seconds.
Begin MonoManager ReloadAssembly
Native extension for WindowsStandalone target not found
Refreshing native plugins compatible for Editor in 0.67 ms, found 1 plugins.
Preloading 0 native plugins for Editor in 0.00 ms.
Invoked RoslynAnalysisRunner static constructor.
RoslynAnalysisRunner will not be running.
RoslynAnalysisRunner has terminated.
Mono: successfully reloaded assembly
- Completed reload, in  1.054 seconds
Platform modules already initialized, skipping
Refreshing native plugins compatible for Editor in 0.62 ms, found 1 plugins.
Preloading 0 native plugins for Editor in 0.00 ms.
Unloading 1802 Unused Serialized files (Serialized files now loaded: 0)
System memory in use before: 87.9 MB.
System memory in use after: 88.0 MB.

Unloading 7 unused Assets to reduce memory usage. Loaded Objects now: 2367.
Total: 2.245600 ms (FindLiveObjects: 0.552500 ms CreateObjectMapping: 0.047200 ms MarkObjects: 1.620600 ms  DeleteObjects: 0.023500 ms)

========================================================================
Received Prepare
Registering precompiled user dll's ...
Registered in 0.001862 seconds.
Begin MonoManager ReloadAssembly
Native extension for WindowsStandalone target not found
Refreshing native plugins compatible for Editor in 0.95 ms, found 1 plugins.
Preloading 0 native plugins for Editor in 0.00 ms.
Invoked RoslynAnalysisRunner static constructor.
RoslynAnalysisRunner will not be running.
RoslynAnalysisRunner has terminated.
Mono: successfully reloaded assembly
- Completed reload, in  1.039 seconds
Platform modules already initialized, skipping
Refreshing native plugins compatible for Editor in 0.69 ms, found 1 plugins.
Preloading 0 native plugins for Editor in 0.00 ms.
Unloading 1802 Unused Serialized files (Serialized files now loaded: 0)
System memory in use before: 87.9 MB.
System memory in use after: 88.0 MB.

Unloading 7 unused Assets to reduce memory usage. Loaded Objects now: 2371.
Total: 2.526500 ms (FindLiveObjects: 0.286900 ms CreateObjectMapping: 0.084000 ms MarkObjects: 2.131400 ms  DeleteObjects: 0.022600 ms)

========================================================================
Received Prepare
Registering precompiled user dll's ...
Registered in 0.001777 seconds.
Begin MonoManager ReloadAssembly
Native extension for WindowsStandalone target not found
Refreshing native plugins compatible for Editor in 0.84 ms, found 1 plugins.
Preloading 0 native plugins for Editor in 0.00 ms.
Invoked RoslynAnalysisRunner static constructor.
RoslynAnalysisRunner will not be running.
RoslynAnalysisRunner has terminated.
Mono: successfully reloaded assembly
- Completed reload, in  1.216 seconds
Platform modules already initialized, skipping
Refreshing native plugins compatible for Editor in 0.51 ms, found 1 plugins.
Preloading 0 native plugins for Editor in 0.00 ms.
Unloading 1802 Unused Serialized files (Serialized files now loaded: 0)
System memory in use before: 87.9 MB.
System memory in use after: 88.0 MB.

Unloading 7 unused Assets to reduce memory usage. Loaded Objects now: 2375.
Total: 3.818000 ms (FindLiveObjects: 0.570700 ms CreateObjectMapping: 0.055500 ms MarkObjects: 3.144100 ms  DeleteObjects: 0.044000 ms)

AssetImportWorkerClient::OnTransportError - code=2 error=End of file
